This is pdfTeX, Version 3.1415926-2.4-1.40.13 (TeX Live 2012/Debian) (format=pdflatex 2013.2.17)  6 MAY 2013 22:30
entering extended mode
 restricted \write18 enabled.
 %&-line parsing enabled.
**Rapport.tex
(./Rapport.tex
LaTeX2e <2011/06/27>
Babel <v3.8m> and hyphenation patterns for english, dumylang, nohyphenation, lo
aded.
(/usr/share/texlive/texmf-dist/tex/latex/base/article.cls
Document Class: article 2007/10/19 v1.4h Standard LaTeX document class
(/usr/share/texlive/texmf-dist/tex/latex/base/size11.clo
File: size11.clo 2007/10/19 v1.4h Standard LaTeX file (size option)
)
\c@part=\count79
\c@section=\count80
\c@subsection=\count81
\c@subsubsection=\count82
\c@paragraph=\count83
\c@subparagraph=\count84
\c@figure=\count85
\c@table=\count86
\abovecaptionskip=\skip41
\belowcaptionskip=\skip42
\bibindent=\dimen102
)
(/usr/share/texlive/texmf-dist/tex/latex/base/inputenc.sty
Package: inputenc 2008/03/30 v1.1d Input encoding file
\inpenc@prehook=\toks14
\inpenc@posthook=\toks15

(/usr/share/texlive/texmf-dist/tex/latex/base/utf8.def
File: utf8.def 2008/04/05 v1.1m UTF-8 support for inputenc
Now handling font encoding OML ...
... no UTF-8 mapping file for font encoding OML
Now handling font encoding T1 ...
... processing UTF-8 mapping file for font encoding T1

(/usr/share/texlive/texmf-dist/tex/latex/base/t1enc.dfu
File: t1enc.dfu 2008/04/05 v1.1m UTF-8 support for inputenc
   defining Unicode char U+00A1 (decimal 161)
   defining Unicode char U+00A3 (decimal 163)
   defining Unicode char U+00AB (decimal 171)
   defining Unicode char U+00BB (decimal 187)
   defining Unicode char U+00BF (decimal 191)
   defining Unicode char U+00C0 (decimal 192)
   defining Unicode char U+00C1 (decimal 193)
   defining Unicode char U+00C2 (decimal 194)
   defining Unicode char U+00C3 (decimal 195)
   defining Unicode char U+00C4 (decimal 196)
   defining Unicode char U+00C5 (decimal 197)
   defining Unicode char U+00C6 (decimal 198)
   defining Unicode char U+00C7 (decimal 199)
   defining Unicode char U+00C8 (decimal 200)
   defining Unicode char U+00C9 (decimal 201)
   defining Unicode char U+00CA (decimal 202)
   defining Unicode char U+00CB (decimal 203)
   defining Unicode char U+00CC (decimal 204)
   defining Unicode char U+00CD (decimal 205)
   defining Unicode char U+00CE (decimal 206)
   defining Unicode char U+00CF (decimal 207)
   defining Unicode char U+00D0 (decimal 208)
   defining Unicode char U+00D1 (decimal 209)
   defining Unicode char U+00D2 (decimal 210)
   defining Unicode char U+00D3 (decimal 211)
   defining Unicode char U+00D4 (decimal 212)
   defining Unicode char U+00D5 (decimal 213)
   defining Unicode char U+00D6 (decimal 214)
   defining Unicode char U+00D8 (decimal 216)
   defining Unicode char U+00D9 (decimal 217)
   defining Unicode char U+00DA (decimal 218)
   defining Unicode char U+00DB (decimal 219)
   defining Unicode char U+00DC (decimal 220)
   defining Unicode char U+00DD (decimal 221)
   defining Unicode char U+00DE (decimal 222)
   defining Unicode char U+00DF (decimal 223)
   defining Unicode char U+00E0 (decimal 224)
   defining Unicode char U+00E1 (decimal 225)
   defining Unicode char U+00E2 (decimal 226)
   defining Unicode char U+00E3 (decimal 227)
   defining Unicode char U+00E4 (decimal 228)
   defining Unicode char U+00E5 (decimal 229)
   defining Unicode char U+00E6 (decimal 230)
   defining Unicode char U+00E7 (decimal 231)
   defining Unicode char U+00E8 (decimal 232)
   defining Unicode char U+00E9 (decimal 233)
   defining Unicode char U+00EA (decimal 234)
   defining Unicode char U+00EB (decimal 235)
   defining Unicode char U+00EC (decimal 236)
   defining Unicode char U+00ED (decimal 237)
   defining Unicode char U+00EE (decimal 238)
   defining Unicode char U+00EF (decimal 239)
   defining Unicode char U+00F0 (decimal 240)
   defining Unicode char U+00F1 (decimal 241)
   defining Unicode char U+00F2 (decimal 242)
   defining Unicode char U+00F3 (decimal 243)
   defining Unicode char U+00F4 (decimal 244)
   defining Unicode char U+00F5 (decimal 245)
   defining Unicode char U+00F6 (decimal 246)
   defining Unicode char U+00F8 (decimal 248)
   defining Unicode char U+00F9 (decimal 249)
   defining Unicode char U+00FA (decimal 250)
   defining Unicode char U+00FB (decimal 251)
   defining Unicode char U+00FC (decimal 252)
   defining Unicode char U+00FD (decimal 253)
   defining Unicode char U+00FE (decimal 254)
   defining Unicode char U+00FF (decimal 255)
   defining Unicode char U+0102 (decimal 258)
   defining Unicode char U+0103 (decimal 259)
   defining Unicode char U+0104 (decimal 260)
   defining Unicode char U+0105 (decimal 261)
   defining Unicode char U+0106 (decimal 262)
   defining Unicode char U+0107 (decimal 263)
   defining Unicode char U+010C (decimal 268)
   defining Unicode char U+010D (decimal 269)
   defining Unicode char U+010E (decimal 270)
   defining Unicode char U+010F (decimal 271)
   defining Unicode char U+0110 (decimal 272)
   defining Unicode char U+0111 (decimal 273)
   defining Unicode char U+0118 (decimal 280)
   defining Unicode char U+0119 (decimal 281)
   defining Unicode char U+011A (decimal 282)
   defining Unicode char U+011B (decimal 283)
   defining Unicode char U+011E (decimal 286)
   defining Unicode char U+011F (decimal 287)
   defining Unicode char U+0130 (decimal 304)
   defining Unicode char U+0131 (decimal 305)
   defining Unicode char U+0132 (decimal 306)
   defining Unicode char U+0133 (decimal 307)
   defining Unicode char U+0139 (decimal 313)
   defining Unicode char U+013A (decimal 314)
   defining Unicode char U+013D (decimal 317)
   defining Unicode char U+013E (decimal 318)
   defining Unicode char U+0141 (decimal 321)
   defining Unicode char U+0142 (decimal 322)
   defining Unicode char U+0143 (decimal 323)
   defining Unicode char U+0144 (decimal 324)
   defining Unicode char U+0147 (decimal 327)
   defining Unicode char U+0148 (decimal 328)
   defining Unicode char U+014A (decimal 330)
   defining Unicode char U+014B (decimal 331)
   defining Unicode char U+0150 (decimal 336)
   defining Unicode char U+0151 (decimal 337)
   defining Unicode char U+0152 (decimal 338)
   defining Unicode char U+0153 (decimal 339)
   defining Unicode char U+0154 (decimal 340)
   defining Unicode char U+0155 (decimal 341)
   defining Unicode char U+0158 (decimal 344)
   defining Unicode char U+0159 (decimal 345)
   defining Unicode char U+015A (decimal 346)
   defining Unicode char U+015B (decimal 347)
   defining Unicode char U+015E (decimal 350)
   defining Unicode char U+015F (decimal 351)
   defining Unicode char U+0160 (decimal 352)
   defining Unicode char U+0161 (decimal 353)
   defining Unicode char U+0162 (decimal 354)
   defining Unicode char U+0163 (decimal 355)
   defining Unicode char U+0164 (decimal 356)
   defining Unicode char U+0165 (decimal 357)
   defining Unicode char U+016E (decimal 366)
   defining Unicode char U+016F (decimal 367)
   defining Unicode char U+0170 (decimal 368)
   defining Unicode char U+0171 (decimal 369)
   defining Unicode char U+0178 (decimal 376)
   defining Unicode char U+0179 (decimal 377)
   defining Unicode char U+017A (decimal 378)
   defining Unicode char U+017B (decimal 379)
   defining Unicode char U+017C (decimal 380)
   defining Unicode char U+017D (decimal 381)
   defining Unicode char U+017E (decimal 382)
   defining Unicode char U+200C (decimal 8204)
   defining Unicode char U+2013 (decimal 8211)
   defining Unicode char U+2014 (decimal 8212)
   defining Unicode char U+2018 (decimal 8216)
   defining Unicode char U+2019 (decimal 8217)
   defining Unicode char U+201A (decimal 8218)
   defining Unicode char U+201C (decimal 8220)
   defining Unicode char U+201D (decimal 8221)
   defining Unicode char U+201E (decimal 8222)
   defining Unicode char U+2030 (decimal 8240)
   defining Unicode char U+2031 (decimal 8241)
   defining Unicode char U+2039 (decimal 8249)
   defining Unicode char U+203A (decimal 8250)
   defining Unicode char U+2423 (decimal 9251)
)
Now handling font encoding OT1 ...
... processing UTF-8 mapping file for font encoding OT1

(/usr/share/texlive/texmf-dist/tex/latex/base/ot1enc.dfu
File: ot1enc.dfu 2008/04/05 v1.1m UTF-8 support for inputenc
   defining Unicode char U+00A1 (decimal 161)
   defining Unicode char U+00A3 (decimal 163)
   defining Unicode char U+00B8 (decimal 184)
   defining Unicode char U+00BF (decimal 191)
   defining Unicode char U+00C5 (decimal 197)
   defining Unicode char U+00C6 (decimal 198)
   defining Unicode char U+00D8 (decimal 216)
   defining Unicode char U+00DF (decimal 223)
   defining Unicode char U+00E6 (decimal 230)
   defining Unicode char U+00EC (decimal 236)
   defining Unicode char U+00ED (decimal 237)
   defining Unicode char U+00EE (decimal 238)
   defining Unicode char U+00EF (decimal 239)
   defining Unicode char U+00F8 (decimal 248)
   defining Unicode char U+0131 (decimal 305)
   defining Unicode char U+0141 (decimal 321)
   defining Unicode char U+0142 (decimal 322)
   defining Unicode char U+0152 (decimal 338)
   defining Unicode char U+0153 (decimal 339)
   defining Unicode char U+2013 (decimal 8211)
   defining Unicode char U+2014 (decimal 8212)
   defining Unicode char U+2018 (decimal 8216)
   defining Unicode char U+2019 (decimal 8217)
   defining Unicode char U+201C (decimal 8220)
   defining Unicode char U+201D (decimal 8221)
)
Now handling font encoding OMS ...
... processing UTF-8 mapping file for font encoding OMS

(/usr/share/texlive/texmf-dist/tex/latex/base/omsenc.dfu
File: omsenc.dfu 2008/04/05 v1.1m UTF-8 support for inputenc
   defining Unicode char U+00A7 (decimal 167)
   defining Unicode char U+00B6 (decimal 182)
   defining Unicode char U+00B7 (decimal 183)
   defining Unicode char U+2020 (decimal 8224)
   defining Unicode char U+2021 (decimal 8225)
   defining Unicode char U+2022 (decimal 8226)
)
Now handling font encoding OMX ...
... no UTF-8 mapping file for font encoding OMX
Now handling font encoding U ...
... no UTF-8 mapping file for font encoding U
   defining Unicode char U+00A9 (decimal 169)
   defining Unicode char U+00AA (decimal 170)
   defining Unicode char U+00AE (decimal 174)
   defining Unicode char U+00BA (decimal 186)
   defining Unicode char U+02C6 (decimal 710)
   defining Unicode char U+02DC (decimal 732)
   defining Unicode char U+200C (decimal 8204)
   defining Unicode char U+2026 (decimal 8230)
   defining Unicode char U+2122 (decimal 8482)
   defining Unicode char U+2423 (decimal 9251)
))
(/usr/share/texlive/texmf-dist/tex/latex/graphics/color.sty
Package: color 2005/11/14 v1.0j Standard LaTeX Color (DPC)

(/usr/share/texlive/texmf-dist/tex/latex/latexconfig/color.cfg
File: color.cfg 2007/01/18 v1.5 color configuration of teTeX/TeXLive
)
Package color Info: Driver file: pdftex.def on input line 130.

(/usr/share/texlive/texmf-dist/tex/latex/pdftex-def/pdftex.def
File: pdftex.def 2011/05/27 v0.06d Graphics/color for pdfTeX

(/usr/share/texlive/texmf-dist/tex/generic/oberdiek/infwarerr.sty
Package: infwarerr 2010/04/08 v1.3 Providing info/warning/error messages (HO)
)
(/usr/share/texlive/texmf-dist/tex/generic/oberdiek/ltxcmds.sty
Package: ltxcmds 2011/11/09 v1.22 LaTeX kernel commands for general use (HO)
)
\Gread@gobject=\count87
))
(/usr/share/texlive/texmf-dist/tex/latex/fancyvrb/fancyvrb.sty
Package: fancyvrb 2008/02/07

Style option: `fancyvrb' v2.7a, with DG/SPQR fixes, and firstline=lastline fix 
<2008/02/07> (tvz) (/usr/share/texlive/texmf-dist/tex/latex/graphics/keyval.sty
Package: keyval 1999/03/16 v1.13 key=value parser (DPC)
\KV@toks@=\toks16
)
\FV@CodeLineNo=\count88
\FV@InFile=\read1
\FV@TabBox=\box26
\c@FancyVerbLine=\count89
\FV@StepNumber=\count90
\FV@OutFile=\write3
) (/usr/share/texlive/texmf-dist/tex/latex/graphics/graphicx.sty
Package: graphicx 1999/02/16 v1.0f Enhanced LaTeX Graphics (DPC,SPQR)

(/usr/share/texlive/texmf-dist/tex/latex/graphics/graphics.sty
Package: graphics 2009/02/05 v1.0o Standard LaTeX Graphics (DPC,SPQR)

(/usr/share/texlive/texmf-dist/tex/latex/graphics/trig.sty
Package: trig 1999/03/16 v1.09 sin cos tan (DPC)
)
(/usr/share/texlive/texmf-dist/tex/latex/latexconfig/graphics.cfg
File: graphics.cfg 2010/04/23 v1.9 graphics configuration of TeX Live
)
Package graphics Info: Driver file: pdftex.def on input line 91.
)
\Gin@req@height=\dimen103
\Gin@req@width=\dimen104
)
(/usr/share/texlive/texmf-dist/tex/latex/listings/listings.sty
\lst@mode=\count91
\lst@gtempboxa=\box27
\lst@token=\toks17
\lst@length=\count92
\lst@currlwidth=\dimen105
\lst@column=\count93
\lst@pos=\count94
\lst@lostspace=\dimen106
\lst@width=\dimen107
\lst@newlines=\count95
\lst@lineno=\count96
\lst@maxwidth=\dimen108

(/usr/share/texlive/texmf-dist/tex/latex/listings/lstmisc.sty
File: lstmisc.sty 2007/02/22 1.4 (Carsten Heinz)
\c@lstnumber=\count97
\lst@skipnumbers=\count98
\lst@framebox=\box28
)
(/usr/share/texlive/texmf-dist/tex/latex/listings/listings.cfg
File: listings.cfg 2007/02/22 1.4 listings configuration
))
Package: listings 2007/02/22 1.4 (Carsten Heinz)

(/usr/share/texlive/texmf-dist/tex/latex/float/float.sty
Package: float 2001/11/08 v1.3d Float enhancements (AL)
\c@float@type=\count99
\float@exts=\toks18
\float@box=\box29
\@float@everytoks=\toks19
\@floatcapt=\box30
)
(/usr/share/texlive/texmf-dist/tex/latex/oberdiek/listingsutf8.sty
Package: listingsutf8 2011/11/10 v1.2 Allow UTF-8 in listings input (HO)

(/usr/share/texlive/texmf-dist/tex/generic/oberdiek/pdftexcmds.sty
Package: pdftexcmds 2011/11/29 v0.20 Utility functions of pdfTeX for LuaTeX (HO
)

(/usr/share/texlive/texmf-dist/tex/generic/oberdiek/ifluatex.sty
Package: ifluatex 2010/03/01 v1.3 Provides the ifluatex switch (HO)
Package ifluatex Info: LuaTeX not detected.
)
(/usr/share/texlive/texmf-dist/tex/generic/oberdiek/ifpdf.sty
Package: ifpdf 2011/01/30 v2.3 Provides the ifpdf switch (HO)
Package ifpdf Info: pdfTeX in PDF mode is detected.
)
Package pdftexcmds Info: LuaTeX not detected.
Package pdftexcmds Info: \pdf@primitive is available.
Package pdftexcmds Info: \pdf@ifprimitive is available.
Package pdftexcmds Info: \pdfdraftmode found.
)
(/usr/share/texlive/texmf-dist/tex/generic/oberdiek/stringenc.sty
Package: stringenc 2011/12/02 v1.10 Convert strings between diff. encodings (HO
)

(/usr/share/texlive/texmf-dist/tex/generic/oberdiek/pdfescape.sty
Package: pdfescape 2011/11/25 v1.13 Implements pdfTeX's escape features (HO)
)))
(/usr/share/texlive/texmf-dist/tex/generic/babel/babel.sty
Package: babel 2008/07/08 v3.8m The Babel package

(/usr/share/texlive/texmf-dist/tex/generic/babel/frenchb.ldf
Language: frenchb 2010/08/21 v2.5a French support from the babel system

(/usr/share/texlive/texmf-dist/tex/generic/babel/babel.def
File: babel.def 2008/07/08 v3.8m Babel common definitions
\babel@savecnt=\count100
\U@D=\dimen109
)

Package babel Warning: No hyphenation patterns were loaded for
(babel)                the language `French'
(babel)                I will use the patterns loaded for \language=0 instead.

\l@french = a dialect from \language0
Package babel Info: Making : an active character on input line 234.
Package babel Info: Making ; an active character on input line 235.
Package babel Info: Making ! an active character on input line 236.
Package babel Info: Making ? an active character on input line 237.
\FB@Mht=\dimen110
\std@mcc=\count101
\dec@mcc=\count102
\parindentFFN=\dimen111
*************************************
* Local config file frenchb.cfg used
*
(/usr/share/texlive/texmf-dist/tex/generic/babel/frenchb.cfg)))
(/usr/share/texlive/texmf-dist/tex/latex/carlisle/scalefnt.sty) (./Rapport.aux)
\openout1 = `Rapport.aux'.

LaTeX Font Info:    Checking defaults for OML/cmm/m/it on input line 47.
LaTeX Font Info:    ... okay on input line 47.
LaTeX Font Info:    Checking defaults for T1/cmr/m/n on input line 47.
LaTeX Font Info:    ... okay on input line 47.
LaTeX Font Info:    Checking defaults for OT1/cmr/m/n on input line 47.
LaTeX Font Info:    ... okay on input line 47.
LaTeX Font Info:    Checking defaults for OMS/cmsy/m/n on input line 47.
LaTeX Font Info:    ... okay on input line 47.
LaTeX Font Info:    Checking defaults for OMX/cmex/m/n on input line 47.
LaTeX Font Info:    ... okay on input line 47.
LaTeX Font Info:    Checking defaults for U/cmr/m/n on input line 47.
LaTeX Font Info:    ... okay on input line 47.
(/usr/share/texlive/texmf-dist/tex/context/base/supp-pdf.mkii
[Loading MPS to PDF converter (version 2006.09.02).]
\scratchcounter=\count103
\scratchdimen=\dimen112
\scratchbox=\box31
\nofMPsegments=\count104
\nofMParguments=\count105
\everyMPshowfont=\toks20
\MPscratchCnt=\count106
\MPscratchDim=\dimen113
\MPnumerator=\count107
\makeMPintoPDFobject=\count108
\everyMPtoPDFconversion=\toks21
) (/usr/share/texlive/texmf-dist/tex/latex/oberdiek/epstopdf-base.sty
Package: epstopdf-base 2010/02/09 v2.5 Base part for package epstopdf

(/usr/share/texlive/texmf-dist/tex/latex/oberdiek/grfext.sty
Package: grfext 2010/08/19 v1.1 Manage graphics extensions (HO)

(/usr/share/texlive/texmf-dist/tex/generic/oberdiek/kvdefinekeys.sty
Package: kvdefinekeys 2011/04/07 v1.3 Define keys (HO)
))
(/usr/share/texlive/texmf-dist/tex/latex/oberdiek/kvoptions.sty
Package: kvoptions 2011/06/30 v3.11 Key value format for package options (HO)

(/usr/share/texlive/texmf-dist/tex/generic/oberdiek/kvsetkeys.sty
Package: kvsetkeys 2012/04/25 v1.16 Key value parser (HO)

(/usr/share/texlive/texmf-dist/tex/generic/oberdiek/etexcmds.sty
Package: etexcmds 2011/02/16 v1.5 Avoid name clashes with e-TeX commands (HO)
Package etexcmds Info: Could not find \expanded.
(etexcmds)             That can mean that you are not using pdfTeX 1.50 or
(etexcmds)             that some package has redefined \expanded.
(etexcmds)             In the latter case, load this package earlier.
)))
Package grfext Info: Graphics extension search list:
(grfext)             [.png,.pdf,.jpg,.mps,.jpeg,.jbig2,.jb2,.PNG,.PDF,.JPG,.JPE
G,.JBIG2,.JB2,.eps]
(grfext)             \AppendGraphicsExtensions on input line 452.

(/usr/share/texlive/texmf-dist/tex/latex/latexconfig/epstopdf-sys.cfg
File: epstopdf-sys.cfg 2010/07/13 v1.3 Configuration of (r)epstopdf for TeX Liv
e
))
\c@lstlisting=\count109
LaTeX Info: Redefining \degres on input line 47.
LaTeX Info: Redefining \dots on input line 47.
LaTeX Info: Redefining \up on input line 47.


Package frenchb.ldf Warning: OT1 encoding should not be used for French. 
(frenchb.ldf)                Add \usepackage[T1]{fontenc} to the preamble
(frenchb.ldf)                of your document, on input line 47.

LaTeX Font Info:    External font `cmex10' loaded for size
(Font)              <12> on input line 49.
LaTeX Font Info:    External font `cmex10' loaded for size
(Font)              <8> on input line 49.
LaTeX Font Info:    External font `cmex10' loaded for size
(Font)              <6> on input line 49.
LaTeX Font Info:    External font `cmex10' loaded for size
(Font)              <7> on input line 56.
LaTeX Font Info:    External font `cmex10' loaded for size
(Font)              <5> on input line 56.
[1

{/var/lib/texmf/fonts/map/pdftex/updmap/pdftex.map}]
LaTeX Font Info:    External font `cmex10' loaded for size
(Font)              <10.95> on input line 72.
LaTeX Font Info:    Try loading font information for OMS+cmr on input line 72.

(/usr/share/texlive/texmf-dist/tex/latex/base/omscmr.fd
File: omscmr.fd 1999/05/25 v2.5h Standard LaTeX font definitions
)
LaTeX Font Info:    Font shape `OMS/cmr/m/n' in size <9> not available
(Font)              Font shape `OMS/cmsy/m/n' tried instead on input line 72.
 [2]
<GANTTdiagramme.png, id=19, 1260.71pt x 492.84125pt>
File: GANTTdiagramme.png Graphic file (type png)
 <use GANTTdiagramme.png>
Package pdftex.def Info: GANTTdiagramme.png used on input line 115.
(pdftex.def)             Requested size: 426.79134pt x 166.84186pt.

<PERTdiagramme.png, id=20, 1627.07875pt x 881.2925pt>
File: PERTdiagramme.png Graphic file (type png)
 <use PERTdiagramme.png>
Package pdftex.def Info: PERTdiagramme.png used on input line 119.
(pdftex.def)             Requested size: 369.88582pt x 200.3397pt.

[3 <./GANTTdiagramme.png> <./PERTdiagramme.png>]
Overfull \hbox (41.01697pt too wide) in paragraph at lines 128--132
[]\OT1/cmr/m/n/10.95 : Il m'a en-suite fal-lut ap-pren-dre des bases suppl^^Sem
entaires
 []


Overfull \hbox (11.38863pt too wide) in paragraph at lines 160--165
[]\OT1/cmr/m/n/10.95 : L'a-jout de fonc-tion-nalit^^Ses c'est fait en toute fin
 de d^^Seveloppement,
 []

[4]
Overfull \hbox (24.79628pt too wide) in paragraph at lines 195--200
\OT1/cmtt/m/n/10.95 puissent exister, et que cette classe chaise appartenait el
le aussi ^^Ra un ensemble
 []


Overfull \hbox (1.80153pt too wide) in paragraph at lines 195--200
\OT1/cmtt/m/n/10.95 plus large qui serait l'ensemble de classs mobilier et qui 
regrouperait aussi
 []

(/usr/share/texlive/texmf-dist/tex/latex/listings/lstlang1.sty
File: lstlang1.sty 2004/09/05 1.3 listings language file
)
Overfull \hbox (19.04759pt too wide) in paragraph at lines 200--202
\OT1/cmtt/m/n/10.95 Dans le langage de programmation Python pour cr^^Seer une c
lasse il suffit de faire
 []

[5] (/usr/share/texlive/texmf-dist/tex/latex/base/latin1.def
File: latin1.def 2008/03/30 v1.1d Input encoding file
)
(/usr/share/texlive/texmf-dist/tex/generic/oberdiek/se-utf8.def
File: se-utf8.def 2011/12/02 v1.10 stringenc: UTF-8
)
(/usr/share/texlive/texmf-dist/tex/generic/oberdiek/se-iso-8859-1.def
File: se-iso-8859-1.def 2011/12/02 v1.10 stringenc: ISO-8859-1
)
LaTeX Font Info:    Font shape `OT1/cmtt/bx/n' in size <10.95> not available
(Font)              Font shape `OT1/cmtt/m/n' tried instead on input line 1.

Overfull \hbox (53.53972pt too wide) in paragraph at lines 203--206
\OT1/cmtt/m/n/10.95 Il faut noter que le param^^Retre self que l'on peut voir l
ors de la m^^Sethode constructeur
 []


Overfull \hbox (1.80153pt too wide) in paragraph at lines 203--206
\OT1/cmtt/m/n/10.95 et dans la d^^Sefinition des m^^Sethodes de la classe mais 
aussi dans les attributs
 []


Overfull \hbox (7.55022pt too wide) in paragraph at lines 203--206
\OT1/cmtt/m/n/10.95 de la classe permet de signaler au programme que ce qui sui
t self appartient ^^Ra
 []


LaTeX Warning: Reference `annexe:un' on page 6 undefined on input line 208.


Overfull \hbox (19.04759pt too wide) in paragraph at lines 206--209
\OT1/cmtt/m/n/10.95 Maintenant que nous avons d^^Sefinit ce qu'^^Setait une cla
sse, on peut cr^^Seer un objet
 []


Overfull \hbox (36.6891pt too wide) in paragraph at lines 206--209
\OT1/cmtt/m/n/10.95 de cette classe : Instanciation. Comme on peut le voir en [
] dans l'objet Demineur,
 []


Overfull \hbox (7.55022pt too wide) in paragraph at lines 211--213
\OT1/cmtt/m/n/10.95 une instance mbar de l'objet MenuBar et on fait de m^eme po
ur les objets Jeu et
 []


Overfull \hbox (13.2989pt too wide) in paragraph at lines 213--217
\OT1/cmtt/m/n/10.95 Cela peut para^^^Ptre un peu ^^Ra part mais au contraire le
 fait de pouvoir cr^^Seer des
 []


Overfull \hbox (13.2989pt too wide) in paragraph at lines 213--217
\OT1/cmtt/m/n/10.95 objets comme on le souhaite, de leur attribuer des m^^Setho
des rend plus facile la
 []


Overfull \hbox (19.04759pt too wide) in paragraph at lines 213--217
\OT1/cmtt/m/n/10.95 cr^^Seation d'une fen^etre de jeu complexe, c'est-^^Ra-dire
 comportant plusieurs cadres
 []


Overfull \hbox (13.2989pt too wide) in paragraph at lines 213--217
\OT1/cmtt/m/n/10.95 ind^^Sependants. Cela permet de pouvoir g^^Serer de mani^^R
ere ind^^Sependante, l'affichage
 []


Overfull \hbox (24.79628pt too wide) in paragraph at lines 213--217
\OT1/cmtt/m/n/10.95 des objets sur le cadre, leur place, et leurs fonctions ain
si que leurs m^^Sethodes. 
 []


Overfull \hbox (19.04759pt too wide) in paragraph at lines 217--220
\OT1/cmtt/m/n/10.95 Pour repr^^Sesenter cette programmation il y a les sch^^Sem
as UML. Pour ce projet j'ai
 []


Overfull \hbox (14.21655pt too wide) in paragraph at lines 217--220
\OT1/cmtt/m/n/10.95 utilis^^Se le logiciel DIA[] qui est libre. Cette ^^Setape 
m'a permis de r^^Sefl^^Sechir sur
 []


Overfull \hbox (18.80153pt too wide) in paragraph at lines 222--224
[]\OT1/cmtt/m/n/10.95 Le principe de recurcivit^^Se est assez simple, c'est une
 fonction qui s'appelle
 []


Overfull \hbox (30.54497pt too wide) in paragraph at lines 222--224
\OT1/cmtt/m/n/10.95 elle-m^eme. Mais ce principe de r^^Securcivit^^Se n'est pas
 accept^^Se par tous les langages
 []


Overfull \hbox (7.55022pt too wide) in paragraph at lines 224--227
\OT1/cmtt/m/n/10.95 La r^^Securcivit^^Se a ^^Set^^Se necessaire et utilis^^See 
ici dans la fonction qui permet de
 []


Overfull \hbox (47.79103pt too wide) in paragraph at lines 224--227
\OT1/cmtt/m/n/10.95 lib^^Serer les cases autour de la case trait^^See quand cel
le-ci n'a pas de mines voisines. 
 []

<liberer.png, id=34, 1360.08125pt x 1031.855pt>
File: liberer.png Graphic file (type png)
 <use liberer.png>
Package pdftex.def Info: liberer.png used on input line 228.
(pdftex.def)             Requested size: 284.52756pt x 215.86147pt.
 [6]
Overfull \hbox (13.05284pt too wide) in paragraph at lines 230--232
[]\OT1/cmtt/m/n/10.95 Cette fonction est essentielle au d^^Seroulement du jeu e
lle n'est pas complexe
 []


Overfull \hbox (7.30415pt too wide) in paragraph at lines 236--239
[]\OT1/cmtt/m/n/10.95 Ci-dessous vous pouvez voir l'algorithme repr^^Sesent^^Se
 en UML avec le logiciel
 []


Overfull \hbox (76.53447pt too wide) in paragraph at lines 236--239
\OT1/cmtt/m/n/10.95 DIA. Il n'y a pas de grande boucle de jeu comme il pourrait
 y avoir dans une programmation
 []


Overfull \hbox (13.2989pt too wide) in paragraph at lines 236--239
\OT1/cmtt/m/n/10.95 qui n'est pas orient^^See objet et une programmation qui ne
 prend pas en compte la
 []

<schemademineur.png, id=39, 920.43875pt x 576.1525pt>
File: schemademineur.png Graphic file (type png)
 <use schemademineur.png>
Package pdftex.def Info: schemademineur.png used on input line 240.
(pdftex.def)             Requested size: 426.79134pt x 267.15207pt.

[7 <./liberer.png>]
Overfull \hbox (13.05284pt too wide) in paragraph at lines 244--246
[]\OT1/cmtt/m/n/10.95 Tout d'abord je tiens ^^Ra signaler qu'il faut pour que l
e jeu commence dans de
 []


Overfull \hbox (1.80153pt too wide) in paragraph at lines 244--246
\OT1/cmtt/m/n/10.95 bonnes conditions utiliser le bouton restart qui va initial
iser le codage des
 []


Overfull \hbox (19.04759pt too wide) in paragraph at lines 246--249
\OT1/cmtt/m/n/10.95 Pour ce projet j'ai choisis de mettre en place un codage po
ur mes cases cel^^Ra m'a
 []


Overfull \hbox (53.53972pt too wide) in paragraph at lines 249--251
\OT1/cmtt/m/n/10.95 Le premier codage correspond ^^Ra l'^^Setat des cases comme
 le montre le tableau ci-dessous.
 []


Underfull \hbox (badness 10000) in paragraph at lines 249--251

 []

<etat.png, id=44, 793.96625pt x 362.35374pt>
File: etat.png Graphic file (type png)
 <use etat.png>
Package pdftex.def Info: etat.png used on input line 251.
(pdftex.def)             Requested size: 284.52756pt x 129.85564pt.
 [8 <./schemademineur.png>]
Overfull \hbox (19.04759pt too wide) in paragraph at lines 252--255
\OT1/cmtt/m/n/10.95 Le deuxi^^Reme permet d'afficher le nombre de mines adjacen
tes mais est aussi utile
 []


Overfull \hbox (1.80153pt too wide) in paragraph at lines 252--255
\OT1/cmtt/m/n/10.95 lors de l'utilisation de la fonction gagne qui a besoin de 
savoir entre autre
 []

<code.png, id=48, 1220.56pt x 181.67876pt>
File: code.png Graphic file (type png)
 <use code.png>
Package pdftex.def Info: code.png used on input line 255.
(pdftex.def)             Requested size: 284.52756pt x 42.35075pt.

Overfull \hbox (7.55022pt too wide) in paragraph at lines 256--260
\OT1/cmtt/m/n/10.95 Pour le codage de cet algorithme j'ai choisi de s^^Separer 
toutes les parties qui
 []


Overfull \hbox (1.80153pt too wide) in paragraph at lines 256--260
\OT1/cmtt/m/n/10.95 composent le projet, en effet cela ^^Ra permis de pouvoir a
jouter facilement des
 []


Overfull \hbox (42.04234pt too wide) in paragraph at lines 256--260
\OT1/cmtt/m/n/10.95 m^^Sethodes (fonctions) ou objets au projet, mais aussi de 
permettre lors de l'^^Secriture
 []


Overfull \hbox (24.55022pt too wide) in paragraph at lines 261--264
[]\OT1/cmtt/m/n/10.95 Pour finir j'aimerais aborder un aspect de la mise en rel
ation des diff^^Serentes
 []


Overfull \hbox (13.2989pt too wide) in paragraph at lines 261--264
\OT1/cmtt/m/n/10.95 fonctions. Elle a pos^^Se un seul probl^^Reme majeur qui ^^
Setait due ^^Ra la programmation
 []


Overfull \hbox (47.79103pt too wide) in paragraph at lines 261--264
\OT1/cmtt/m/n/10.95 orient^^See objet. Car il fallait porter une grande attenti
on ^^Ra ce qui ^^Setait un attribut
 []


Overfull \hbox (19.04759pt too wide) in paragraph at lines 261--264
\OT1/cmtt/m/n/10.95 de l'objet de ce qui n'^^Setait pas un attribut de l'objet 
concern^^Se par la m^^Sethode.
 []


Overfull \hbox (7.55022pt too wide) in paragraph at lines 261--264
\OT1/cmtt/m/n/10.95 Avec la gestion du codage en tant que tel n'a pas pos^^Se d
e grandes difficult^^Ses. 
 []


Overfull \hbox (19.04759pt too wide) in paragraph at lines 264--267
\OT1/cmtt/m/n/10.95 En revanche il manque un arr^et du jeu apr^^Res que la part
ie soit perdue ou gagn^^See,
 []


Overfull \hbox (24.79628pt too wide) in paragraph at lines 264--267
\OT1/cmtt/m/n/10.95 la gestion du clic sur la grille de jeu continue. Et le lie
n entre le chronom^^Retre
 []


Overfull \hbox (1.80153pt too wide) in paragraph at lines 264--267
\OT1/cmtt/m/n/10.95 et la liste des joueurs n'est pas encore ^^Setabli au momen
t de l'^^Secriture de ce
 []


Overfull \hbox (1.80153pt too wide) in paragraph at lines 267--270
\OT1/cmtt/m/n/10.95 Mais ce projet m'a beaucoup inspir^^Se et donc demand^^Se u
n certain temps pour que
 []


Overfull \hbox (13.2989pt too wide) in paragraph at lines 267--270
\OT1/cmtt/m/n/10.95 toutes mes fonctions fontionnent comme elle le font. Il est
 vrai qu'il a fallut
 []

[9 <./etat.png> <./code.png>]
Overfull \hbox (19.71918pt too wide) in paragraph at lines 281--293
[]\OT1/cmtt/m/n/10.95 Je remercie pour m'avoir assit^^Se dans ce projet, Monsie
ur CHEVALIER[], Monsieur
 []


Overfull \hbox (9.38551pt too wide) in paragraph at lines 281--293
\OT1/cmtt/m/n/10.95 PETIT[] et Monsieur MEKHILEF[]. J'aimerais ajouter, pour re
ster dans l'esprit du
 []


Overfull \hbox (32.24399pt too wide) in paragraph at lines 281--293
\OT1/cmtt/m/n/10.95 libre, et pour remercier la vaste communaut^^Se Python[] et
 L[]T[]X, que les codes sources
 []


Overfull \hbox (6.96924pt too wide) in paragraph at lines 281--293
\OT1/cmtt/m/n/10.95 du projet et du rapport son disponibles, sur demande, au tr
avers de Dropbox[].
 []


Underfull \hbox (badness 10000) in paragraph at lines 281--293

 []

[10] (/usr/share/texlive/texmf-dist/tex/latex/base/latin1.def
File: latin1.def 2008/03/30 v1.1d Input encoding file
)
(/usr/share/texlive/texmf-dist/tex/latex/base/latin1.def
File: latin1.def 2008/03/30 v1.1d Input encoding file
)
(/usr/share/texlive/texmf-dist/tex/latex/base/latin1.def
File: latin1.def 2008/03/30 v1.1d Input encoding file
)
LaTeX Font Info:    Font shape `OMS/cmr/bx/n' in size <10.95> not available
(Font)              Font shape `OMS/cmsy/b/n' tried instead on input line 2.

Overfull \hbox (40.0397pt too wide) in paragraph at lines 11--12
[][][][] 
 []

[11] [12] (/usr/share/texlive/texmf-dist/tex/latex/base/latin1.def
File: latin1.def 2008/03/30 v1.1d Input encoding file
) [13]
[14] (/usr/share/texlive/texmf-dist/tex/latex/base/latin1.def
File: latin1.def 2008/03/30 v1.1d Input encoding file
)
(/usr/share/texlive/texmf-dist/tex/latex/base/latin1.def
File: latin1.def 2008/03/30 v1.1d Input encoding file
)
(/usr/share/texlive/texmf-dist/tex/latex/base/latin1.def
File: latin1.def 2008/03/30 v1.1d Input encoding file
) [15]
(/usr/share/texlive/texmf-dist/tex/latex/base/latin1.def
File: latin1.def 2008/03/30 v1.1d Input encoding file
)
(/usr/share/texlive/texmf-dist/tex/latex/base/latin1.def
File: latin1.def 2008/03/30 v1.1d Input encoding file
)
(/usr/share/texlive/texmf-dist/tex/latex/base/latin1.def
File: latin1.def 2008/03/30 v1.1d Input encoding file
) [16]
(/usr/share/texlive/texmf-dist/tex/latex/base/latin1.def
File: latin1.def 2008/03/30 v1.1d Input encoding file
)
(/usr/share/texlive/texmf-dist/tex/latex/base/latin1.def
File: latin1.def 2008/03/30 v1.1d Input encoding file
)
(/usr/share/texlive/texmf-dist/tex/latex/base/latin1.def
File: latin1.def 2008/03/30 v1.1d Input encoding file
)
(/usr/share/texlive/texmf-dist/tex/latex/base/latin1.def
File: latin1.def 2008/03/30 v1.1d Input encoding file
) [17]
(/usr/share/texlive/texmf-dist/tex/latex/base/latin1.def
File: latin1.def 2008/03/30 v1.1d Input encoding file
)
(/usr/share/texlive/texmf-dist/tex/latex/base/latin1.def
File: latin1.def 2008/03/30 v1.1d Input encoding file
)
LaTeX Font Info:    Try loading font information for OML+cmr on input line 6.

(/usr/share/texlive/texmf-dist/tex/latex/base/omlcmr.fd
File: omlcmr.fd 1999/05/25 v2.5h Standard LaTeX font definitions
)
LaTeX Font Info:    Font shape `OML/cmr/bx/it' in size <10.95> not available
(Font)              Font shape `OML/cmm/b/it' tried instead on input line 6.
 [18]
(/usr/share/texlive/texmf-dist/tex/latex/base/latin1.def
File: latin1.def 2008/03/30 v1.1d Input encoding file
) [19]
(/usr/share/texlive/texmf-dist/tex/latex/base/latin1.def
File: latin1.def 2008/03/30 v1.1d Input encoding file
)
Overfull \hbox (40.0397pt too wide) in paragraph at lines 4--5
[][][][] 
 []

[20]
LaTeX Font Info:    Font shape `OML/cmr/bx/n' in size <10.95> not available
(Font)              Font shape `OML/cmm/b/it' tried instead on input line 17.

Overfull \hbox (40.0397pt too wide) in paragraph at lines 47--48
[][][][] 
 []

[21] (/usr/share/texlive/texmf-dist/tex/latex/base/latin1.def
File: latin1.def 2008/03/30 v1.1d Input encoding file
)
(/usr/share/texlive/texmf-dist/tex/latex/base/latin1.def
File: latin1.def 2008/03/30 v1.1d Input encoding file
) [22] [23]
(/usr/share/texlive/texmf-dist/tex/latex/base/latin1.def
File: latin1.def 2008/03/30 v1.1d Input encoding file
) [24] [25] [26]
(/usr/share/texlive/texmf-dist/tex/latex/base/latin1.def
File: latin1.def 2008/03/30 v1.1d Input encoding file
) [27]
(/usr/share/texlive/texmf-dist/tex/latex/base/latin1.def
File: latin1.def 2008/03/30 v1.1d Input encoding file
)
(/usr/share/texlive/texmf-dist/tex/latex/base/latin1.def
File: latin1.def 2008/03/30 v1.1d Input encoding file
) [28]
(/usr/share/texlive/texmf-dist/tex/latex/base/latin1.def
File: latin1.def 2008/03/30 v1.1d Input encoding file
) [29] [30]
(/usr/share/texlive/texmf-dist/tex/latex/base/latin1.def
File: latin1.def 2008/03/30 v1.1d Input encoding file
) [31]
<plantravail.png, id=127, 1927.2pt x 1084.05pt>
File: plantravail.png Graphic file (type png)
 <use plantravail.png>
Package pdftex.def Info: plantravail.png used on input line 344.
(pdftex.def)             Requested size: 426.79134pt x 240.06316pt.

<latex.png, id=128, 1927.2pt x 1084.05pt>
File: latex.png Graphic file (type png)
 <use latex.png>
Package pdftex.def Info: latex.png used on input line 345.
(pdftex.def)             Requested size: 426.79134pt x 240.06316pt.

<dia.png, id=129, 1927.2pt x 1084.05pt>
File: dia.png Graphic file (type png)
 <use dia.png>
Package pdftex.def Info: dia.png used on input line 346.
(pdftex.def)             Requested size: 426.79134pt x 240.06316pt.
 [32 <./plantravail.png> <./latex.png>] (./Rapport.toc [33 <./dia.png>])
\tf@toc=\write4
\openout4 = `Rapport.toc'.

 (./Rapport.lof)
\tf@lof=\write5
\openout5 = `Rapport.lof'.

 [34]
(./Rapport.aux)

LaTeX Warning: There were undefined references.

 ) 
Here is how much of TeX's memory you used:
 5210 strings out of 495059
 73208 string characters out of 3182030
 413409 words of memory out of 3000000
 8215 multiletter control sequences out of 15000+200000
 12105 words of font info for 43 fonts, out of 3000000 for 9000
 14 hyphenation exceptions out of 8191
 38i,7n,38p,316b,2044s stack positions out of 5000i,500n,10000p,200000b,50000s
</usr/share/texlive/texmf-dist/fonts/type1/public/amsfonts/cm/cmbsy10.pfb></u
sr/share/texlive/texmf-dist/fonts/type1/public/amsfonts/cm/cmbx10.pfb></usr/sha
re/texlive/texmf-dist/fonts/type1/public/amsfonts/cm/cmbx12.pfb></usr/share/tex
live/texmf-dist/fonts/type1/public/amsfonts/cm/cmbx8.pfb></usr/share/texlive/te
xmf-dist/fonts/type1/public/amsfonts/cm/cmbxti10.pfb></usr/share/texlive/texmf-
dist/fonts/type1/public/amsfonts/cm/cmcsc10.pfb></usr/share/texlive/texmf-dist/
fonts/type1/public/amsfonts/cm/cmitt10.pfb></usr/share/texlive/texmf-dist/fonts
/type1/public/amsfonts/cm/cmmi10.pfb></usr/share/texlive/texmf-dist/fonts/type1
/public/amsfonts/cm/cmmib10.pfb></usr/share/texlive/texmf-dist/fonts/type1/publ
ic/amsfonts/cm/cmr10.pfb></usr/share/texlive/texmf-dist/fonts/type1/public/amsf
onts/cm/cmr12.pfb></usr/share/texlive/texmf-dist/fonts/type1/public/amsfonts/cm
/cmr17.pfb></usr/share/texlive/texmf-dist/fonts/type1/public/amsfonts/cm/cmr7.p
fb></usr/share/texlive/texmf-dist/fonts/type1/public/amsfonts/cm/cmr8.pfb></usr
/share/texlive/texmf-dist/fonts/type1/public/amsfonts/cm/cmr9.pfb></usr/share/t
exlive/texmf-dist/fonts/type1/public/amsfonts/cm/cmsy10.pfb></usr/share/texlive
/texmf-dist/fonts/type1/public/amsfonts/cm/cmsy9.pfb></usr/share/texlive/texmf-
dist/fonts/type1/public/amsfonts/cm/cmti10.pfb></usr/share/texlive/texmf-dist/f
onts/type1/public/amsfonts/cm/cmtt10.pfb></usr/share/texlive/texmf-dist/fonts/t
ype1/public/amsfonts/cm/cmtt8.pfb>
Output written on Rapport.pdf (34 pages, 1542133 bytes).
PDF statistics:
 203 PDF objects out of 1000 (max. 8388607)
 136 compressed objects within 2 object streams
 0 named destinations out of 1000 (max. 500000)
 46 words of extra memory for PDF output out of 10000 (max. 10000000)

